#
# There is insufficient memory for the Java Runtime Environment to continue.
# Native memory allocation (malloc) failed to allocate 2435232 bytes for Chunk::new
# Possible reasons:
#   The system is out of physical RAM or swap space
#   In 32 bit mode, the process size limit was hit
# Possible solutions:
#   Reduce memory load on the system
#   Increase physical memory or swap space
#   Check if swap backing store is full
#   Use 64 bit Java on a 64 bit OS
#   Decrease Java heap size (-Xmx/-Xms)
#   Decrease number of Java threads
#   Decrease Java thread stack sizes (-Xss)
#   Set larger code cache with -XX:ReservedCodeCacheSize=
# This output file may be truncated or incomplete.
#
#  Out of Memory Error (allocation.cpp:390), pid=62392, tid=11508
#
# JRE version: Java(TM) SE Runtime Environment (8.0_40-b25) (build 1.8.0_40-b25)
# Java VM: Java HotSpot(TM) 64-Bit Server VM (25.40-b25 mixed mode windows-amd64 compressed oops)
# Failed to write core dump. Minidumps are not enabled by default on client versions of Windows
#

---------------  T H R E A D  ---------------

Current thread (0x000000001ebb2800):  JavaThread "C2 CompilerThread1" daemon [_thread_in_native, id=11508, stack(0x000000001f320000,0x000000001f420000)]

Stack: [0x000000001f320000,0x000000001f420000]
Native frames: (J=compiled Java code, j=interpreted, Vv=VM code, C=native code)
V  [jvm.dll+0x32b47a]
V  [jvm.dll+0x2797f3]
V  [jvm.dll+0x27a489]
V  [jvm.dll+0x2717a5]
V  [jvm.dll+0xcb9a2]
V  [jvm.dll+0xcbe6c]
V  [jvm.dll+0x4929a7]
V  [jvm.dll+0x45f94a]
V  [jvm.dll+0x46a73b]
V  [jvm.dll+0x46cd52]
V  [jvm.dll+0x4500d2]
V  [jvm.dll+0xa4312]
V  [jvm.dll+0xa4c4f]
V  [jvm.dll+0x241914]
V  [jvm.dll+0x29848a]
C  [msvcr100.dll+0x21d9f]
C  [msvcr100.dll+0x21e3b]
C  [KERNEL32.DLL+0x14034]
C  [ntdll.dll+0x73691]


Current CompileTask:
C2:   2271 1663   !   4       org.aspectj.weaver.World::resolve (293 bytes)


---------------  P R O C E S S  ---------------

Java Threads: ( => current thread )
  0x000000001ecad800 JavaThread "Service Thread" daemon [_thread_blocked, id=54744, stack(0x000000001f520000,0x000000001f620000)]
  0x000000001ebb3800 JavaThread "C1 CompilerThread2" daemon [_thread_blocked, id=7592, stack(0x000000001f420000,0x000000001f520000)]
=>0x000000001ebb2800 JavaThread "C2 CompilerThread1" daemon [_thread_in_native, id=11508, stack(0x000000001f320000,0x000000001f420000)]
  0x000000001ebb0000 JavaThread "C2 CompilerThread0" daemon [_thread_in_native, id=43192, stack(0x000000001f220000,0x000000001f320000)]
  0x000000001e17d800 JavaThread "JDWP Command Reader" daemon [_thread_in_native, id=37088, stack(0x000000001e920000,0x000000001ea20000)]
  0x000000001e17c000 JavaThread "JDWP Event Helper Thread" daemon [_thread_blocked, id=38896, stack(0x000000001e820000,0x000000001e920000)]
  0x000000001e132000 JavaThread "JDWP Transport Listener: dt_socket" daemon [_thread_blocked, id=60448, stack(0x000000001e720000,0x000000001e820000)]
  0x000000001e175800 JavaThread "Attach Listener" daemon [_thread_blocked, id=62668, stack(0x000000001e620000,0x000000001e720000)]
  0x000000001c7a7800 JavaThread "Signal Dispatcher" daemon [_thread_blocked, id=7948, stack(0x000000001e520000,0x000000001e620000)]
  0x0000000002fcd800 JavaThread "Finalizer" daemon [_thread_blocked, id=58668, stack(0x000000001e020000,0x000000001e120000)]
  0x0000000002fc7800 JavaThread "Reference Handler" daemon [_thread_blocked, id=35060, stack(0x000000001df20000,0x000000001e020000)]
  0x0000000002ed7000 JavaThread "main" [_thread_in_Java, id=38512, stack(0x0000000002cc0000,0x0000000002dc0000)]

Other Threads:
  0x000000001c758800 VMThread [stack: 0x000000001de20000,0x000000001df20000] [id=19820]
  0x000000001ecc6800 WatcherThread [stack: 0x000000001f620000,0x000000001f720000] [id=4500]

VM state:not at safepoint (normal execution)

VM Mutex/Monitor currently owned by a thread: None

Heap:
 PSYoungGen      total 75776K, used 27639K [0x000000076b600000, 0x0000000774a00000, 0x00000007c0000000)
  eden space 65024K, 25% used [0x000000076b600000,0x000000076c67fdf0,0x000000076f580000)
  from space 10752K, 99% used [0x000000076f580000,0x000000076fffded0,0x0000000770000000)
  to   space 10752K, 0% used [0x0000000773f80000,0x0000000773f80000,0x0000000774a00000)
 ParOldGen       total 173568K, used 13076K [0x00000006c2200000, 0x00000006ccb80000, 0x000000076b600000)
  object space 173568K, 7% used [0x00000006c2200000,0x00000006c2ec50d0,0x00000006ccb80000)
 Metaspace       used 17412K, capacity 17586K, committed 17792K, reserved 1064960K
  class space    used 1774K, capacity 1841K, committed 1920K, reserved 1048576K

Card table byte_map: [0x0000000012390000,0x0000000012b80000] byte_map_base: 0x000000000ed7f000

Marking Bits: (ParMarkBitMap*) 0x000000005d8d4040
 Begin Bits: [0x00000000136d0000, 0x0000000017648000)
 End Bits:   [0x0000000017648000, 0x000000001b5c0000)

Polling page: 0x00000000007f0000

CodeCache: size=245760Kb used=7335Kb max_used=7335Kb free=238424Kb
 bounds [0x0000000002fd0000, 0x0000000003700000, 0x0000000011fd0000]
 total_blobs=2161 nmethods=1797 adapters=285
 compilation: enabled

Compilation events (10 events):
Event: 2.228 Thread 0x000000001ebb3800 1834       2       java.util.HashMap::tableSizeFor (59 bytes)
Event: 2.228 Thread 0x000000001ebb3800 nmethod 1834 0x00000000036f5050 code [0x00000000036f51a0, 0x00000000036f5330]
Event: 2.230 Thread 0x000000001ebb3800 1835       2       org.aspectj.util.GenericSignature$FormalTypeParameter::<init> (5 bytes)
Event: 2.230 Thread 0x000000001ebb3800 nmethod 1835 0x00000000036f5390 code [0x00000000036f54e0, 0x00000000036f5630]
Event: 2.234 Thread 0x000000001ebb3800 1836       2       org.aspectj.util.GenericSignatureParser::maybeParseTypeArguments (61 bytes)
Event: 2.234 Thread 0x000000001ebb3800 nmethod 1836 0x00000000036f56d0 code [0x00000000036f5880, 0x00000000036f5d88]
Event: 2.234 Thread 0x000000001ebb3800 1837       2       org.aspectj.util.GenericSignatureParser::parseNestedTypesHelper (177 bytes)
Event: 2.235 Thread 0x000000001ebb3800 nmethod 1837 0x00000000036f6110 code [0x00000000036f63a0, 0x00000000036f74b8]
Event: 2.259 Thread 0x000000001ebb3800 1839       2       org.aspectj.weaver.bcel.LazyClassGen::hasSerialVersionUIDField (68 bytes)
Event: 2.259 Thread 0x000000001ebb3800 nmethod 1839 0x00000000036f8490 code [0x00000000036f8640, 0x00000000036f8938]

GC Heap History (6 events):
Event: 1.411 GC heap before
{Heap before GC invocations=1 (full 0):
 PSYoungGen      total 75776K, used 65024K [0x000000076b600000, 0x0000000770a80000, 0x00000007c0000000)
  eden space 65024K, 100% used [0x000000076b600000,0x000000076f580000,0x000000076f580000)
  from space 10752K, 0% used [0x0000000770000000,0x0000000770000000,0x0000000770a80000)
  to   space 10752K, 0% used [0x000000076f580000,0x000000076f580000,0x0000000770000000)
 ParOldGen       total 173568K, used 0K [0x00000006c2200000, 0x00000006ccb80000, 0x000000076b600000)
  object space 173568K, 0% used [0x00000006c2200000,0x00000006c2200000,0x00000006ccb80000)
 Metaspace       used 11063K, capacity 11178K, committed 11520K, reserved 1058816K
  class space    used 1133K, capacity 1169K, committed 1280K, reserved 1048576K
Event: 1.418 GC heap after
Heap after GC invocations=1 (full 0):
 PSYoungGen      total 75776K, used 9739K [0x000000076b600000, 0x0000000770a80000, 0x00000007c0000000)
  eden space 65024K, 0% used [0x000000076b600000,0x000000076b600000,0x000000076f580000)
  from space 10752K, 90% used [0x000000076f580000,0x000000076ff02e78,0x0000000770000000)
  to   space 10752K, 0% used [0x0000000770000000,0x0000000770000000,0x0000000770a80000)
 ParOldGen       total 173568K, used 80K [0x00000006c2200000, 0x00000006ccb80000, 0x000000076b600000)
  object space 173568K, 0% used [0x00000006c2200000,0x00000006c2214010,0x00000006ccb80000)
 Metaspace       used 11063K, capacity 11178K, committed 11520K, reserved 1058816K
  class space    used 1133K, capacity 1169K, committed 1280K, reserved 1048576K
}
Event: 1.830 GC heap before
{Heap before GC invocations=2 (full 0):
 PSYoungGen      total 75776K, used 74763K [0x000000076b600000, 0x0000000770a80000, 0x00000007c0000000)
  eden space 65024K, 100% used [0x000000076b600000,0x000000076f580000,0x000000076f580000)
  from space 10752K, 90% used [0x000000076f580000,0x000000076ff02e78,0x0000000770000000)
  to   space 10752K, 0% used [0x0000000770000000,0x0000000770000000,0x0000000770a80000)
 ParOldGen       total 173568K, used 80K [0x00000006c2200000, 0x00000006ccb80000, 0x000000076b600000)
  object space 173568K, 0% used [0x00000006c2200000,0x00000006c2214010,0x00000006ccb80000)
 Metaspace       used 14443K, capacity 14656K, committed 14848K, reserved 1062912K
  class space    used 1431K, capacity 1498K, committed 1536K, reserved 1048576K
Event: 1.841 GC heap after
Heap after GC invocations=2 (full 0):
 PSYoungGen      total 75776K, used 10728K [0x000000076b600000, 0x0000000774a00000, 0x00000007c0000000)
  eden space 65024K, 0% used [0x000000076b600000,0x000000076b600000,0x000000076f580000)
  from space 10752K, 99% used [0x0000000770000000,0x0000000770a7a040,0x0000000770a80000)
  to   space 10752K, 0% used [0x000000076f580000,0x000000076f580000,0x0000000770000000)
 ParOldGen       total 173568K, used 5075K [0x00000006c2200000, 0x00000006ccb80000, 0x000000076b600000)
  object space 173568K, 2% used [0x00000006c2200000,0x00000006c26f4cc0,0x00000006ccb80000)
 Metaspace       used 14443K, capacity 14656K, committed 14848K, reserved 1062912K
  class space    used 1431K, capacity 1498K, committed 1536K, reserved 1048576K
}
Event: 2.181 GC heap before
{Heap before GC invocations=3 (full 0):
 PSYoungGen      total 75776K, used 75752K [0x000000076b600000, 0x0000000774a00000, 0x00000007c0000000)
  eden space 65024K, 100% used [0x000000076b600000,0x000000076f580000,0x000000076f580000)
  from space 10752K, 99% used [0x0000000770000000,0x0000000770a7a040,0x0000000770a80000)
  to   space 10752K, 0% used [0x000000076f580000,0x000000076f580000,0x0000000770000000)
 ParOldGen       total 173568K, used 5075K [0x00000006c2200000, 0x00000006ccb80000, 0x000000076b600000)
  object space 173568K, 2% used [0x00000006c2200000,0x00000006c26f4cc0,0x00000006ccb80000)
 Metaspace       used 16742K, capacity 16946K, committed 17152K, reserved 1064960K
  class space    used 1712K, capacity 1777K, committed 1792K, reserved 1048576K
Event: 2.196 GC heap after
Heap after GC invocations=3 (full 0):
 PSYoungGen      total 75776K, used 10743K [0x000000076b600000, 0x0000000774a00000, 0x00000007c0000000)
  eden space 65024K, 0% used [0x000000076b600000,0x000000076b600000,0x000000076f580000)
  from space 10752K, 99% used [0x000000076f580000,0x000000076fffded0,0x0000000770000000)
  to   space 10752K, 0% used [0x0000000773f80000,0x0000000773f80000,0x0000000774a00000)
 ParOldGen       total 173568K, used 13076K [0x00000006c2200000, 0x00000006ccb80000, 0x000000076b600000)
  object space 173568K, 7% used [0x00000006c2200000,0x00000006c2ec50d0,0x00000006ccb80000)
 Metaspace       used 16742K, capacity 16946K, committed 17152K, reserved 1064960K
  class space    used 1712K, capacity 1777K, committed 1792K, reserved 1048576K
}

Deoptimization events (10 events):
Event: 1.939 Thread 0x0000000002ed7000 Uncommon trap: reason=bimorphic action=maybe_recompile pc=0x0000000003662574 method=org.aspectj.weaver.World.resolve(Lorg/aspectj/weaver/ResolvedType;)Lorg/aspectj/weaver/ResolvedType; @ 36
Event: 1.939 Thread 0x0000000002ed7000 Uncommon trap: reason=bimorphic action=maybe_recompile pc=0x0000000003662574 method=org.aspectj.weaver.World.resolve(Lorg/aspectj/weaver/ResolvedType;)Lorg/aspectj/weaver/ResolvedType; @ 36
Event: 1.939 Thread 0x0000000002ed7000 Uncommon trap: reason=bimorphic action=maybe_recompile pc=0x0000000003662574 method=org.aspectj.weaver.World.resolve(Lorg/aspectj/weaver/ResolvedType;)Lorg/aspectj/weaver/ResolvedType; @ 36
Event: 1.991 Thread 0x0000000002ed7000 Uncommon trap: reason=class_check action=maybe_recompile pc=0x000000000316725c method=java.io.BufferedInputStream.read1([BII)I @ 39
Event: 1.991 Thread 0x0000000002ed7000 Uncommon trap: reason=class_check action=maybe_recompile pc=0x000000000316725c method=java.io.BufferedInputStream.read1([BII)I @ 39
Event: 2.047 Thread 0x0000000002ed7000 Uncommon trap: reason=class_check action=maybe_recompile pc=0x0000000003415980 method=java.lang.String.equals(Ljava/lang/Object;)Z @ 8
Event: 2.079 Thread 0x0000000002ed7000 Uncommon trap: reason=unloaded action=reinterpret pc=0x00000000031dc618 method=org.aspectj.apache.bcel.classfile.Attribute.readAttribute(Ljava/io/DataInputStream;Lorg/aspectj/apache/bcel/classfile/ConstantPool;)Lorg/aspectj/apache/bcel/classfile/Attribute;PŸ©§çà
Event: 2.110 Thread 0x0000000002ed7000 Uncommon trap: reason=unstable_if action=reinterpret pc=0x00000000035be704 method=java.util.HashMap.hash(Ljava/lang/Object;)I @ 1
Event: 2.121 Thread 0x0000000002ed7000 Uncommon trap: reason=class_check action=maybe_recompile pc=0x0000000003415980 method=java.lang.String.equals(Ljava/lang/Object;)Z @ 8
Event: 2.161 Thread 0x0000000002ed7000 Uncommon trap: reason=unstable_if action=reinterpret pc=0x00000000030e9edc method=java.lang.AbstractStringBuilder.append(Ljava/lang/String;)Ljava/lang/AbstractStringBuilder; @ 1

Internal exceptions (10 events):
Event: 0.643 Thread 0x0000000002ed7000 Exception <a 'java/lang/ArrayIndexOutOfBoundsException': 7> (0x000000076d41ee40) thrown at [D:\re\workspace\8-2-build-windows-amd64-cygwin\jdk8u40\2855\hotspot\src\share\vm\interpreter\interpreterRuntime.cpp, line 366]
Event: 0.643 Thread 0x0000000002ed7000 Exception <a 'java/lang/ArrayIndexOutOfBoundsException': 7> (0x000000076d41f1b0) thrown at [D:\re\workspace\8-2-build-windows-amd64-cygwin\jdk8u40\2855\hotspot\src\share\vm\interpreter\interpreterRuntime.cpp, line 366]
Event: 1.317 Thread 0x0000000002ed7000 Exception <a 'java/lang/ArrayIndexOutOfBoundsException'> (0x000000076efc6748) thrown at [D:\re\workspace\8-2-build-windows-amd64-cygwin\jdk8u40\2855\hotspot\src\share\vm\runtime\sharedRuntime.cpp, line 605]
Event: 1.318 Thread 0x0000000002ed7000 Exception <a 'java/lang/ArrayIndexOutOfBoundsException'> (0x000000076efc9b78) thrown at [D:\re\workspace\8-2-build-windows-amd64-cygwin\jdk8u40\2855\hotspot\src\share\vm\runtime\sharedRuntime.cpp, line 605]
Event: 1.370 Thread 0x0000000002ed7000 Implicit null exception at 0x000000000316b655 to 0x000000000316b8e5
Event: 1.532 Thread 0x0000000002ed7000 Exception <a 'java/lang/NoSuchFieldError': method resolution failed> (0x000000076bcca3f0) thrown at [D:\re\workspace\8-2-build-windows-amd64-cygwin\jdk8u40\2855\hotspot\src\share\vm\prims\methodHandles.cpp, line 1125]
Event: 1.534 Thread 0x0000000002ed7000 Exception <a 'java/lang/NoSuchFieldError': method resolution failed> (0x000000076bcda730) thrown at [D:\re\workspace\8-2-build-windows-amd64-cygwin\jdk8u40\2855\hotspot\src\share\vm\prims\methodHandles.cpp, line 1125]
Event: 1.570 Thread 0x0000000002ed7000 Exception <a 'java/lang/NoClassDefFoundError': org/slf4j/impl/StaticLoggerBinder> (0x000000076bf12978) thrown at [D:\re\workspace\8-2-build-windows-amd64-cygwin\jdk8u40\2855\hotspot\src\share\vm\classfile\systemDictionary.cpp, line 199]
Event: 2.110 Thread 0x0000000002ed7000 Implicit null exception at 0x00000000035be454 to 0x00000000035be6ed
Event: 2.161 Thread 0x0000000002ed7000 Implicit null exception at 0x00000000030e9a99 to 0x00000000030e9ec5

Events (10 events):
Event: 2.259 Thread 0x0000000002ed7000 DEOPT PACKING pc=0x0000000003210e8c sp=0x0000000002db9a40
Event: 2.259 Thread 0x0000000002ed7000 DEOPT UNPACKING pc=0x000000000301787f sp=0x0000000002db9860 mode 1
Event: 2.259 loading class org/apache/poi/openxml4j/opc/ZipPackagePart
Event: 2.259 loading class org/apache/poi/openxml4j/opc/ZipPackagePart done
Event: 2.259 Thread 0x0000000002ed7000 DEOPT PACKING pc=0x00000000032d1c89 sp=0x0000000002dbb390
Event: 2.259 Thread 0x0000000002ed7000 DEOPT UNPACKING pc=0x000000000301787f sp=0x0000000002dbb0e0 mode 1
Event: 2.259 Thread 0x0000000002ed7000 DEOPT PACKING pc=0x00000000032110f4 sp=0x0000000002dbb410
Event: 2.259 Thread 0x0000000002ed7000 DEOPT UNPACKING pc=0x000000000301787f sp=0x0000000002dbb230 mode 1
Event: 2.259 Thread 0x0000000002ed7000 DEOPT PACKING pc=0x0000000003210e8c sp=0x0000000002dbb5a0
Event: 2.259 Thread 0x0000000002ed7000 DEOPT UNPACKING pc=0x000000000301787f sp=0x0000000002dbb3c0 mode 1


Dynamic libraries:
0x00007ff693900000 - 0x00007ff693937000 	D:\BaiduNetdiskDownload\JDK8_64\bin\java.exe
0x00007ffb53ef0000 - 0x00007ffb540d1000 	C:\WINDOWS\SYSTEM32\ntdll.dll
0x00007ffb51880000 - 0x00007ffb51931000 	C:\WINDOWS\System32\KERNEL32.DLL
0x00007ffb509e0000 - 0x00007ffb50c53000 	C:\WINDOWS\System32\KERNELBASE.dll
0x00007ffb53700000 - 0x00007ffb537a1000 	C:\WINDOWS\System32\ADVAPI32.dll
0x00007ffb53d70000 - 0x00007ffb53e0e000 	C:\WINDOWS\System32\msvcrt.dll
0x00007ffb537c0000 - 0x00007ffb5381b000 	C:\WINDOWS\System32\sechost.dll
0x00007ffb51640000 - 0x00007ffb51764000 	C:\WINDOWS\System32\RPCRT4.dll
0x00007ffb53be0000 - 0x00007ffb53d70000 	C:\WINDOWS\System32\USER32.dll
0x00007ffb509c0000 - 0x00007ffb509e0000 	C:\WINDOWS\System32\win32u.dll
0x00007ffb53e10000 - 0x00007ffb53e38000 	C:\WINDOWS\System32\GDI32.dll
0x00007ffb50820000 - 0x00007ffb509b1000 	C:\WINDOWS\System32\gdi32full.dll
0x00007ffb50780000 - 0x00007ffb5081f000 	C:\WINDOWS\System32\msvcp_win.dll
0x00007ffb50520000 - 0x00007ffb50618000 	C:\WINDOWS\System32\ucrtbase.dll
0x00007ffb41a60000 - 0x00007ffb41cc9000 	C:\WINDOWS\WinSxS\amd64_microsoft.windows.common-controls_6595b64144ccf1df_6.0.17134.1067_none_d401a3eb7c8ebdea\COMCTL32.dll
0x00007ffb51dc0000 - 0x00007ffb520e1000 	C:\WINDOWS\System32\combase.dll
0x00007ffb502b0000 - 0x00007ffb50329000 	C:\WINDOWS\System32\bcryptPrimitives.dll
0x00007ffb51d90000 - 0x00007ffb51dbd000 	C:\WINDOWS\System32\IMM32.DLL
0x000000005d960000 - 0x000000005da32000 	D:\BaiduNetdiskDownload\JDK8_64\jre\bin\msvcr100.dll
0x000000005d0d0000 - 0x000000005d953000 	D:\BaiduNetdiskDownload\JDK8_64\jre\bin\server\jvm.dll
0x00007ffb537b0000 - 0x00007ffb537b8000 	C:\WINDOWS\System32\PSAPI.DLL
0x00007ffb426b0000 - 0x00007ffb426b9000 	C:\WINDOWS\SYSTEM32\WSOCK32.dll
0x00007ffb520f0000 - 0x00007ffb5215c000 	C:\WINDOWS\System32\WS2_32.dll
0x00007ffb4e500000 - 0x00007ffb4e523000 	C:\WINDOWS\SYSTEM32\WINMM.dll
0x00007ffb4bb00000 - 0x00007ffb4bb0a000 	C:\WINDOWS\SYSTEM32\VERSION.dll
0x00007ffb4e4d0000 - 0x00007ffb4e4fa000 	C:\WINDOWS\SYSTEM32\WINMMBASE.dll
0x00007ffb50620000 - 0x00007ffb50669000 	C:\WINDOWS\System32\cfgmgr32.dll
0x000000005d0c0000 - 0x000000005d0cf000 	D:\BaiduNetdiskDownload\JDK8_64\jre\bin\verify.dll
0x000000005d090000 - 0x000000005d0b9000 	D:\BaiduNetdiskDownload\JDK8_64\jre\bin\java.dll
0x000000005e250000 - 0x000000005e285000 	D:\BaiduNetdiskDownload\JDK8_64\jre\bin\jdwp.dll
0x000000005e240000 - 0x000000005e248000 	D:\BaiduNetdiskDownload\JDK8_64\jre\bin\npt.dll
0x000000005e210000 - 0x000000005e233000 	D:\BaiduNetdiskDownload\JDK8_64\jre\bin\instrument.dll
0x000000005d070000 - 0x000000005d086000 	D:\BaiduNetdiskDownload\JDK8_64\jre\bin\zip.dll
0x00007ffb521c0000 - 0x00007ffb53604000 	C:\WINDOWS\System32\SHELL32.dll
0x00007ffb517d0000 - 0x00007ffb51879000 	C:\WINDOWS\System32\shcore.dll
0x00007ffb50c60000 - 0x00007ffb51370000 	C:\WINDOWS\System32\windows.storage.dll
0x00007ffb51450000 - 0x00007ffb514a1000 	C:\WINDOWS\System32\shlwapi.dll
0x00007ffb50210000 - 0x00007ffb50221000 	C:\WINDOWS\System32\kernel.appcore.dll
0x00007ffb50240000 - 0x00007ffb5025f000 	C:\WINDOWS\System32\profapi.dll
0x00007ffb50260000 - 0x00007ffb502ac000 	C:\WINDOWS\System32\powrprof.dll
0x00007ffb50230000 - 0x00007ffb5023a000 	C:\WINDOWS\System32\FLTLIB.DLL
0x000000005e200000 - 0x000000005e209000 	D:\BaiduNetdiskDownload\JDK8_64\jre\bin\dt_socket.dll
0x00007ffb4f9f0000 - 0x00007ffb4fa56000 	C:\WINDOWS\system32\mswsock.dll
0x00007ffb4fba0000 - 0x00007ffb4fbb7000 	C:\WINDOWS\SYSTEM32\CRYPTSP.dll
0x00007ffb4f5a0000 - 0x00007ffb4f5d3000 	C:\WINDOWS\system32\rsaenh.dll
0x00007ffb4fcd0000 - 0x00007ffb4fcf5000 	C:\WINDOWS\SYSTEM32\bcrypt.dll
0x00007ffb500f0000 - 0x00007ffb50118000 	C:\WINDOWS\SYSTEM32\USERENV.dll
0x00007ffb4fbc0000 - 0x00007ffb4fbcb000 	C:\WINDOWS\SYSTEM32\CRYPTBASE.dll
0x000000005d050000 - 0x000000005d06a000 	D:\BaiduNetdiskDownload\JDK8_64\jre\bin\net.dll
0x00007ffb4f740000 - 0x00007ffb4f778000 	C:\WINDOWS\SYSTEM32\IPHLPAPI.DLL
0x00007ffb514b0000 - 0x00007ffb514b8000 	C:\WINDOWS\System32\NSI.dll
0x00007ffb4c930000 - 0x00007ffb4c946000 	C:\WINDOWS\SYSTEM32\dhcpcsvc6.DLL
0x00007ffb4c880000 - 0x00007ffb4c89a000 	C:\WINDOWS\SYSTEM32\dhcpcsvc.DLL
0x000000005d030000 - 0x000000005d041000 	D:\BaiduNetdiskDownload\JDK8_64\jre\bin\nio.dll
0x00007ffb4abd0000 - 0x00007ffb4ad99000 	C:\WINDOWS\SYSTEM32\dbghelp.dll

VM Arguments:
jvm_args: -agentlib:jdwp=transport=dt_socket,address=127.0.0.1:52133,suspend=y,server=n -ea -javaagent:C:\Users\yebb\.m2\repository/org/aspectj/aspectjweaver/1.8.10/aspectjweaver-1.8.10.jar -Didea.test.cyclic.buffer.size=1048576 -javaagent:C:\Users\yebb\.IntelliJIdea2018.3\system\captureAgent\debugger-agent.jar -Dfile.encoding=GBK 
java_command: org.testng.RemoteTestNGStarter -usedefaultlisteners false -socket52132 @w@C:\Users\yebb\AppData\Local\Temp\idea_working_dirs_testng1.tmp -temp C:\Users\yebb\AppData\Local\Temp\idea_testng8.tmp
java_class_path (initial): D:\tool\IntelliJ IDEA 2018.3.5\lib\idea_rt.jar;D:\tool\IntelliJ IDEA 2018.3.5\plugins\testng\lib\testng-plugin.jar;D:\BaiduNetdiskDownload\JDK8_64\jre\lib\charsets.jar;D:\BaiduNetdiskDownload\JDK8_64\jre\lib\deploy.jar;D:\BaiduNetdiskDownload\JDK8_64\jre\lib\ext\access-bridge-64.jar;D:\BaiduNetdiskDownload\JDK8_64\jre\lib\ext\cldrdata.jar;D:\BaiduNetdiskDownload\JDK8_64\jre\lib\ext\dnsns.jar;D:\BaiduNetdiskDownload\JDK8_64\jre\lib\ext\jaccess.jar;D:\BaiduNetdiskDownload\JDK8_64\jre\lib\ext\jfxrt.jar;D:\BaiduNetdiskDownload\JDK8_64\jre\lib\ext\localedata.jar;D:\BaiduNetdiskDownload\JDK8_64\jre\lib\ext\nashorn.jar;D:\BaiduNetdiskDownload\JDK8_64\jre\lib\ext\sunec.jar;D:\BaiduNetdiskDownload\JDK8_64\jre\lib\ext\sunjce_provider.jar;D:\BaiduNetdiskDownload\JDK8_64\jre\lib\ext\sunmscapi.jar;D:\BaiduNetdiskDownload\JDK8_64\jre\lib\ext\sunpkcs11.jar;D:\BaiduNetdiskDownload\JDK8_64\jre\lib\ext\zipfs.jar;D:\BaiduNetdiskDownload\JDK8_64\jre\lib\javaws.jar;D:\BaiduNetdiskDownload\JDK8_64\jre\lib\jce.jar;D:\BaiduNetdiskDownload\JDK8_64\jre\lib\jfr.jar;D:\BaiduNetdiskDownload\JDK8_64\jre\lib\jfxswt.jar;D:\BaiduNetdiskDownload\JDK8_64\jre\lib\jsse.jar;D:\BaiduNetdiskDownload\JDK8_64\jre\lib\management-agent.jar;D:\BaiduNetdiskDownload\JDK8_64\jre\lib\plugin.jar;D:\BaiduNetdiskDownload\JDK8_64\jre\lib\resources.jar;D:\BaiduNetdiskDownload\JDK8_64\jre\lib\rt.jar;D:\project\test\allureTest\target\classes;C:\Users\yebb\.m2\repository\org\apache\httpcomponents\httpclient\4.5.5\httpclient-4.5.5.jar;C:\Users\yebb\.m2\repository\org\apache\httpcomponents\httpcore\4.4.9\httpcore-4.4.9.jar;C:\Users\yebb\.m2\repository\commons-logging\commons-logging\1.2\commons-logging-1.2.jar;C:\Users\yebb\.m2\repository\commons-codec\commons-codec\1.10\commons-codec-1.10.jar;C:\Users\yebb\.m2\repository\com\jayway\jsonpath\json-path\2.4.0\json-path-2.4.0.jar;C:\Users\yebb\.m2\repository\net\minidev\json-smart\2.3\json-smart-2.3.jar;C:\Users\yebb\.m2\repository\net\minidev\acce
Launcher Type: SUN_STANDARD

Environment Variables:
JAVA_HOME=D:\BaiduNetdiskDownload\JDK8_64
CLASSPATH=.;D:\BaiduNetdiskDownload\JDK8_64\lib\dt.jar;D:\BaiduNetdiskDownload\JDK8_64\lib\tools.jar;
PATH=D:\tool\xshell\;C:\WINDOWS\system32;C:\WINDOWS;C:\WINDOWS\System32\Wbem;C:\WINDOWS\System32\WindowsPowerShell\v1.0\;C:\Program Files\IDM Computer Solutions\UltraEdit;d:\tool\Git\cmd;C:\Program Files\MySQL\MySQL Server 5.1\bin;C:\Program Files\TortoiseSVN\bin;C:\Users\yebb\AppData\Local\Microsoft\WindowsApps;D:\BaiduNetdiskDownload\JDK8_64;D:\BaiduNetdiskDownload\JDK8_64\bin;D:\apache-maven-3.6.1-bin\apache-maven-3.6.1\bin;D:\tool\apache-tomcat-7.0.96\lib;D:\tool\apache-tomcat-7.0.96\bin;D:\tool\allure-2.6.0\bin;D:\tool\mysql\mysql-8.0.18-winx64\bin;
USERNAME=yebb
OS=Windows_NT
PROCESSOR_IDENTIFIER=Intel64 Family 6 Model 158 Stepping 10, GenuineIntel



---------------  S Y S T E M  ---------------

OS: Windows 10.0 , 64 bit Build 17134 (10.0.17134.753)

CPU:total 6 (6 cores per cpu, 1 threads per core) family 6 model 158 stepping 10, cmov, cx8, fxsr, mmx, sse, sse2, sse3, ssse3, sse4.1, sse4.2, popcnt, avx, avx2, aes, clmul, erms, 3dnowpref, lzcnt, tsc, tscinvbit, bmi1, bmi2, adx

Memory: 4k page, physical 16637140k(4579684k free), swap 29621464k(6020k free)

vm_info: Java HotSpot(TM) 64-Bit Server VM (25.40-b25) for windows-amd64 JRE (1.8.0_40-b25), built on Feb 10 2015 21:53:57 by "java_re" with MS VC++ 10.0 (VS2010)

time: Thu Nov 21 18:01:48 2019
elapsed time: 2 seconds (0d 0h 0m 2s)

